<?xml version="1.0" encoding="UTF-8"?>
<!-- Generated by org.testng.reporters.JUnitXMLReporter -->
<testsuite hostname="LAPTOP-F09CTRIR" ignored="0" name="Test" tests="3" failures="1" timestamp="24 Jul 2018 17:05:21 GMT" time="3.543" errors="0">
  <testcase name="getAPiTest_TCC01" time="2.424" classname="com.qa.apitest.GetAPITest"/>
  <testcase name="verifyJsonResponse_TCC03" time="0.3" classname="com.qa.apitest.GetAPITest"/>
  <testcase name="verifyJsonResponse_TCC04" time="0.78" classname="com.qa.apitest.GetAPITest">
    <failure type="java.lang.AssertionError" message="expected [light rain] but found [overcast clouds]">
      <![CDATA[java.lang.AssertionError: expected [light rain] but found [overcast clouds]
at com.qa.apitest.GetAPITest.verifyJsonResponse_TCC04(GetAPITest.java:89)
... Removed 31 stack frames]]>
    </failure>
  </testcase> <!-- verifyJsonResponse_TCC04 -->
</testsuite> <!-- Test -->
